<?xml version="1.0" encoding="UTF-8"?>
<testng-results ignored="0" total="1" passed="1" failed="0" skipped="0">
  <reporter-output>
  </reporter-output>
  <suite started-at="2023-02-18T08:48:34 IST" name="Default suite" finished-at="2023-02-18T08:48:44 IST" duration-ms="9667">
    <groups>
    </groups>
    <test started-at="2023-02-18T08:48:34 IST" name="Default test" finished-at="2023-02-18T08:48:44 IST" duration-ms="9667">
      <class name="testScript.FirstTest">
        <test-method is-config="true" signature="classConfiguration()[pri:0, instance:testScript.FirstTest@485966cc]" started-at="2023-02-18T08:48:34 IST" name="classConfiguration" finished-at="2023-02-18T08:48:35 IST" duration-ms="747" status="PASS">
          <reporter-output>
          </reporter-output>
        </test-method> <!-- classConfiguration -->
        <test-method is-config="true" signature="methodConfiguration()[pri:0, instance:testScript.FirstTest@485966cc]" started-at="2023-02-18T08:48:35 IST" name="methodConfiguration" finished-at="2023-02-18T08:48:38 IST" duration-ms="3715" status="PASS">
          <reporter-output>
          </reporter-output>
        </test-method> <!-- methodConfiguration -->
        <test-method signature="firstTest()[pri:0, instance:testScript.FirstTest@485966cc]" started-at="2023-02-18T08:48:38 IST" name="firstTest" finished-at="2023-02-18T08:48:43 IST" duration-ms="4968" status="PASS">
          <reporter-output>
          </reporter-output>
        </test-method> <!-- firstTest -->
        <test-method is-config="true" signature="methodTearDown()[pri:0, instance:testScript.FirstTest@485966cc]" started-at="2023-02-18T08:48:43 IST" name="methodTearDown" finished-at="2023-02-18T08:48:44 IST" duration-ms="199" status="PASS">
          <reporter-output>
          </reporter-output>
        </test-method> <!-- methodTearDown -->
        <test-method is-config="true" signature="classTearDown()[pri:0, instance:testScript.FirstTest@485966cc]" started-at="2023-02-18T08:48:44 IST" name="classTearDown" finished-at="2023-02-18T08:48:44 IST" duration-ms="0" status="PASS">
          <reporter-output>
          </reporter-output>
        </test-method> <!-- classTearDown -->
      </class> <!-- testScript.FirstTest -->
    </test> <!-- Default test -->
  </suite> <!-- Default suite -->
</testng-results>
